#
# A fatal error has been detected by the Java Runtime Environment:
#
#  EXCEPTION_ACCESS_VIOLATION (0xc0000005) at pc=0x0000000000000000, pid=5088, tid=0x0000000000001ad0
#
# JRE version: OpenJDK Runtime Environment (8.0_242-b01) (build 1.8.0_242-release-1644-b01)
# Java VM: OpenJDK 64-Bit Server VM (25.242-b01 mixed mode windows-amd64 compressed oops)
# Problematic frame:
# C  0x0000000000000000
#
# Failed to write core dump. Minidumps are not enabled by default on client versions of Windows
#
# If you would like to submit a bug report, please visit:
#   
#

---------------  T H R E A D  ---------------

Current thread (0x000000001afcf800):  JavaThread "Daemon worker Thread 3" [_thread_in_Java, id=6864, stack(0x0000000020f40000,0x0000000021040000)]

siginfo: ExceptionCode=0xc0000005, ExceptionInformation=0x0000000000000008 0x0000000000000000

Registers:
RAX=0x0000000000000000, RBX=0x0000000024aa8818, RCX=0x00000000e490e090, RDX=0x000000000277809d
RSP=0x000000002103af50, RBP=0x000000002103afc8, RSI=0x0000000028034aee, RDI=0x0000000000000001
R8 =0x0000000000000001, R9 =0x00000000a061b170, R10=0x00000000712c5d00, R11=0x00000000a2629038
R12=0x0000000000000000, R13=0x000000002103af58, R14=0x000000002103afe0, R15=0x000000001afcf800
RIP=0x0000000000000000, EFLAGS=0x0000000000010246

Top of Stack: (sp=0x000000002103af50)
0x000000002103af50:   000000000277809d 00000000e490d1e8
0x000000002103af60:   00000000e06479a0 00000000e490e090
0x000000002103af70:   00000000e490e090 00000000a1067f18
0x000000002103af80:   00000000e490de18 000000002103af88
0x000000002103af90:   0000000020d3727d 000000002103afe0
0x000000002103afa0:   0000000020d7d330 0000000000000000
0x000000002103afb0:   0000000020d372b0 000000002103af58
0x000000002103afc0:   000000002103afd8 000000002103b028
0x000000002103afd0:   000000000277809d 00000000e490d1e8
0x000000002103afe0:   00000000e06479a0 000000002103afe8
0x000000002103aff0:   0000000020d3733d 000000002103b040
0x000000002103b000:   0000000020d7d330 0000000000000000
0x000000002103b010:   0000000020d37358 000000002103afd8
0x000000002103b020:   000000002103b050 00000000fb54fb00
0x000000002103b030:   00000000040b890c 00000000e490d1e8
0x000000002103b040:   00000000e06479a0 00000000040b890c 

Instructions: (pc=0x0000000000000000)
0xffffffffffffffe0:   


Register to memory mapping:

RAX=0x0000000000000000 is an unknown value
RBX=0x0000000024aa8818 is pointing into metadata
RCX=0x00000000e490e090 is an oop
org.gradle.api.plugins.HelpTasksPlugin$DependencyInsightReportTaskAction$1 
 - klass: 'org/gradle/api/plugins/HelpTasksPlugin$DependencyInsightReportTaskAction$1'
RDX=0x000000000277809d is at code_begin+2301 in an Interpreter codelet
invoke return entry points  [0x00000000027777a0, 0x0000000002778180]  2528 bytes
RSP=0x000000002103af50 is pointing into the stack for thread: 0x000000001afcf800
RBP=0x000000002103afc8 is pointing into the stack for thread: 0x000000001afcf800
RSI=0x0000000028034aee is pointing into metadata
RDI=0x0000000000000001 is an unknown value
R8 =0x0000000000000001 is an unknown value
R9 =0x00000000a061b170 is an oop
java.util.WeakHashMap 
 - klass: 'java/util/WeakHashMap'
R10=0x00000000712c5d00 is an unknown value
R11=0x00000000a2629038 is an oop
com.google.common.collect.RegularImmutableSet 
 - klass: 'com/google/common/collect/RegularImmutableSet'
R12=0x0000000000000000 is an unknown value
R13=0x000000002103af58 is pointing into the stack for thread: 0x000000001afcf800
R14=0x000000002103afe0 is pointing into the stack for thread: 0x000000001afcf800
R15=0x000000001afcf800 is a thread


Stack: [0x0000000020f40000,0x0000000021040000],  sp=0x000000002103af50,  free space=1003k
Native frames: (J=compiled Java code, j=interpreted, Vv=VM code, C=native code)


---------------  P R O C E S S  ---------------

Java Threads: ( => current thread )
  0x0000000023734000 JavaThread "Cache worker for execution history cache (E:\android_Projects\Begory\.gradle\6.1.1\executionHistory)" [_thread_blocked, id=8920, stack(0x0000000027a60000,0x0000000027b60000)]
  0x000000001f875800 JavaThread "Build operations Thread 4" [_thread_blocked, id=7400, stack(0x000000001aec0000,0x000000001afc0000)]
  0x000000001f877800 JavaThread "Build operations Thread 3" [_thread_blocked, id=7472, stack(0x0000000027640000,0x0000000027740000)]
  0x000000001f878800 JavaThread "Build operations Thread 2" [_thread_blocked, id=8780, stack(0x0000000024880000,0x0000000024980000)]
  0x000000001f87a800 JavaThread "Build operations" [_thread_blocked, id=4624, stack(0x0000000023170000,0x0000000023270000)]
  0x000000001f874000 JavaThread "Cache worker for Build Output Cleanup Cache (E:\android_Projects\Begory\.gradle\buildOutputCleanup)" [_thread_blocked, id=8708, stack(0x0000000022190000,0x0000000022290000)]
  0x0000000023737800 JavaThread "Cache worker for cache directory md-rule (C:\Users\Moka\.gradle\caches\6.1.1\md-rule)" [_thread_blocked, id=9024, stack(0x0000000022040000,0x0000000022140000)]
  0x0000000023738800 JavaThread "Cache worker for cache directory md-supplier (C:\Users\Moka\.gradle\caches\6.1.1\md-supplier)" [_thread_blocked, id=8664, stack(0x0000000021eb0000,0x0000000021fb0000)]
  0x000000001afc5800 JavaThread "Cache worker for file hash cache (E:\android_Projects\Begory\.gradle\6.1.1\fileHashes)" [_thread_blocked, id=4924, stack(0x00000000211a0000,0x00000000212a0000)]
  0x000000001afcc800 JavaThread "Cache worker for checksums cache (E:\android_Projects\Begory\.gradle\checksums)" [_thread_blocked, id=9052, stack(0x0000000021060000,0x0000000021160000)]
  0x000000001afc7000 JavaThread "Thread-61" [_thread_blocked, id=7564, stack(0x0000000019e00000,0x0000000019f00000)]
  0x000000001afc3800 JavaThread "Stdin handler" [_thread_blocked, id=6528, stack(0x00000000201f0000,0x00000000202f0000)]
  0x000000001afce000 JavaThread "Asynchronous log dispatcher for DefaultDaemonConnection: socket connection from /127.0.0.1:8093 to /127.0.0.1:8201" [_thread_blocked, id=6524, stack(0x000000001abb0000,0x000000001acb0000)]
=>0x000000001afcf800 JavaThread "Daemon worker Thread 3" [_thread_in_Java, id=6864, stack(0x0000000020f40000,0x0000000021040000)]
  0x000000001afc5000 JavaThread "Cancel handler" [_thread_blocked, id=2016, stack(0x000000001eb00000,0x000000001ec00000)]
  0x000000001afce800 JavaThread "Handler for socket connection from /127.0.0.1:8093 to /127.0.0.1:8201" [_thread_in_native, id=6204, stack(0x000000001d750000,0x000000001d850000)]
  0x000000001afc2800 JavaThread "Daemon Thread 3" [_thread_blocked, id=8880, stack(0x000000001d610000,0x000000001d710000)]
  0x000000001f87a000 JavaThread "MarlinRenderer Disposer" daemon [_thread_blocked, id=6416, stack(0x0000000021790000,0x0000000021890000)]
  0x000000001f879000 JavaThread "Java2D Disposer" daemon [_thread_blocked, id=8124, stack(0x00000000297c0000,0x00000000298c0000)]
  0x000000001e450800 JavaThread "Cache worker for file content cache (C:\Users\Moka\.gradle\caches\6.1.1\fileContent)" [_thread_blocked, id=8896, stack(0x00000000274a0000,0x00000000275a0000)]
  0x000000001e450000 JavaThread "Memory manager" [_thread_blocked, id=8132, stack(0x00000000272d0000,0x00000000273d0000)]
  0x000000001afc6800 JavaThread "Cache worker for execution history cache (C:\Users\Moka\.gradle\caches\6.1.1\executionHistory)" [_thread_blocked, id=8240, stack(0x000000001ec90000,0x000000001ed90000)]
  0x000000001afc2000 JavaThread "Cache worker for file hash cache (C:\Users\Moka\.gradle\caches\6.1.1\fileHashes)" [_thread_blocked, id=7300, stack(0x000000001c490000,0x000000001c590000)]
  0x000000001afc1000 JavaThread "File lock request listener" [_thread_in_native, id=8084, stack(0x000000001c2b0000,0x000000001c3b0000)]
  0x000000001afc0800 JavaThread "Cache worker for journal cache (C:\Users\Moka\.gradle\caches\journal-1)" [_thread_blocked, id=4696, stack(0x000000001c190000,0x000000001c290000)]
  0x0000000018667000 JavaThread "Daemon periodic checks" [_thread_blocked, id=4708, stack(0x000000001a650000,0x000000001a750000)]
  0x0000000019837000 JavaThread "Incoming local TCP Connector on port 8093" [_thread_in_native, id=3068, stack(0x000000001a350000,0x000000001a450000)]
  0x00000000196d6000 JavaThread "Daemon health stats" [_thread_blocked, id=5616, stack(0x0000000019f30000,0x000000001a030000)]
  0x00000000179f4800 JavaThread "Service Thread" daemon [_thread_blocked, id=3752, stack(0x0000000018500000,0x0000000018600000)]
  0x000000001797e000 JavaThread "C1 CompilerThread2" daemon [_thread_blocked, id=7636, stack(0x0000000018350000,0x0000000018450000)]
  0x0000000017979800 JavaThread "C2 CompilerThread1" daemon [_thread_blocked, id=8044, stack(0x0000000018170000,0x0000000018270000)]
  0x0000000017972800 JavaThread "C2 CompilerThread0" daemon [_thread_blocked, id=2908, stack(0x0000000017750000,0x0000000017850000)]
  0x000000001638e800 JavaThread "Attach Listener" daemon [_thread_blocked, id=5564, stack(0x0000000017f90000,0x0000000018090000)]
  0x000000001638c800 JavaThread "Signal Dispatcher" daemon [_thread_blocked, id=4144, stack(0x0000000017e70000,0x0000000017f70000)]
  0x0000000016369000 JavaThread "Finalizer" daemon [_thread_blocked, id=7696, stack(0x0000000017870000,0x0000000017970000)]
  0x0000000016362000 JavaThread "Reference Handler" daemon [_thread_blocked, id=6508, stack(0x0000000017620000,0x0000000017720000)]
  0x000000000221f000 JavaThread "main" [_thread_blocked, id=4316, stack(0x00000000023a0000,0x00000000024a0000)]

Other Threads:
  0x000000001631a800 VMThread [stack: 0x0000000017500000,0x0000000017600000] [id=6976]
  0x00000000179f7800 WatcherThread [stack: 0x0000000017d70000,0x0000000017e70000] [id=7392]

VM state:not at safepoint (normal execution)

VM Mutex/Monitor currently owned by a thread: None

heap address: 0x00000000a0000000, size: 1536 MB, Compressed Oops mode: 32-bit
Narrow klass base: 0x0000000000000000, Narrow klass shift: 3
Compressed class space size: 1073741824 Address: 0x000000013f840000

Heap:
 PSYoungGen      total 482304K, used 84807K [0x00000000e0000000, 0x00000000ffb00000, 0x0000000100000000)
  eden space 446464K, 16% used [0x00000000e0000000,0x00000000e4914f38,0x00000000fb400000)
  from space 35840K, 27% used [0x00000000fb400000,0x00000000fbdbcf20,0x00000000fd700000)
  to   space 34304K, 0% used [0x00000000fd980000,0x00000000fd980000,0x00000000ffb00000)
 ParOldGen       total 141824K, used 103169K [0x00000000a0000000, 0x00000000a8a80000, 0x00000000e0000000)
  object space 141824K, 72% used [0x00000000a0000000,0x00000000a64c06b8,0x00000000a8a80000)
 Metaspace       used 106318K, capacity 111170K, committed 111320K, reserved 1146880K
  class space    used 13459K, capacity 14519K, committed 14592K, reserved 1048576K

Card table byte_map: [0x0000000011b30000,0x0000000011e40000] byte_map_base: 0x0000000011630000

Marking Bits: (ParMarkBitMap*) 0x00000000712df030
 Begin Bits: [0x0000000012690000, 0x0000000013e90000)
 End Bits:   [0x0000000013e90000, 0x0000000015690000)

Polling page: 0x0000000000240000

CodeCache: size=245760Kb used=58196Kb max_used=58814Kb free=187563Kb
 bounds [0x0000000002770000, 0x0000000006130000, 0x0000000011770000]
 total_blobs=17115 nmethods=16087 adapters=939
 compilation: enabled

Compilation events (10 events):
Event: 561.693 Thread 0x000000001797e000 20436       1       org.gradle.tooling.internal.consumer.versioning.ModelMapping$DefaultModelIdentifier::getName (5 bytes)
Event: 561.693 Thread 0x000000001797e000 nmethod 20436 0x000000000372ffd0 code [0x0000000003730120, 0x0000000003730230]
Event: 561.702 Thread 0x000000001797e000 20437       3       com.amazon.ion.impl.bin.IonRawBinaryWriter::writeString (275 bytes)
Event: 561.706 Thread 0x000000001797e000 nmethod 20437 0x0000000005791c10 code [0x0000000005792040, 0x0000000005794b58]
Event: 561.706 Thread 0x000000001797e000 20438       3       com.amazon.ion.impl.bin.IonRawBinaryWriter::setFieldNameSymbol (11 bytes)
Event: 561.706 Thread 0x000000001797e000 nmethod 20438 0x0000000004788810 code [0x00000000047889a0, 0x0000000004788df8]
Event: 561.706 Thread 0x000000001797e000 20439       3       com.amazon.ion.impl.bin.IonRawBinaryWriter::setFieldNameSymbol (23 bytes)
Event: 561.707 Thread 0x000000001797e000 nmethod 20439 0x00000000039ac850 code [0x00000000039ac9e0, 0x00000000039ad088]
Event: 561.711 Thread 0x0000000017979800 20440       4       sun.misc.URLClassPath::findResource (47 bytes)
Event: 561.715 Thread 0x0000000017979800 nmethod 20440 0x0000000004a59710 code [0x0000000004a59880, 0x0000000004a59ba8]

GC Heap History (10 events):
Event: 430.789 GC heap before
{Heap before GC invocations=28 (full 4):
 PSYoungGen      total 483328K, used 482868K [0x00000000e0000000, 0x0000000100000000, 0x0000000100000000)
  eden space 451584K, 100% used [0x00000000e0000000,0x00000000fb900000,0x00000000fb900000)
  from space 31744K, 98% used [0x00000000fb900000,0x00000000fd78d310,0x00000000fd800000)
  to   space 40448K, 0% used [0x00000000fd880000,0x00000000fd880000,0x0000000100000000)
 ParOldGen       total 104448K, used 86673K [0x00000000a0000000, 0x00000000a6600000, 0x00000000e0000000)
  object space 104448K, 82% used [0x00000000a0000000,0x00000000a54a4468,0x00000000a6600000)
 Metaspace       used 94576K, capacity 98766K, committed 99032K, reserved 1134592K
  class space    used 12107K, capacity 13016K, committed 13056K, reserved 1048576K
Event: 434.002 GC heap after
Heap after GC invocations=28 (full 4):
 PSYoungGen      total 484864K, used 7087K [0x00000000e0000000, 0x0000000100000000, 0x0000000100000000)
  eden space 444416K, 0% used [0x00000000e0000000,0x00000000e0000000,0x00000000fb200000)
  from space 40448K, 17% used [0x00000000fd880000,0x00000000fdf6bfb8,0x0000000100000000)
  to   space 39424K, 0% used [0x00000000fb200000,0x00000000fb200000,0x00000000fd880000)
 ParOldGen       total 112128K, used 112048K [0x00000000a0000000, 0x00000000a6d80000, 0x00000000e0000000)
  object space 112128K, 99% used [0x00000000a0000000,0x00000000a6d6c010,0x00000000a6d80000)
 Metaspace       used 94576K, capacity 98766K, committed 99032K, reserved 1134592K
  class space    used 12107K, capacity 13016K, committed 13056K, reserved 1048576K
}
Event: 434.045 GC heap before
{Heap before GC invocations=29 (full 5):
 PSYoungGen      total 484864K, used 7087K [0x00000000e0000000, 0x0000000100000000, 0x0000000100000000)
  eden space 444416K, 0% used [0x00000000e0000000,0x00000000e0000000,0x00000000fb200000)
  from space 40448K, 17% used [0x00000000fd880000,0x00000000fdf6bfb8,0x0000000100000000)
  to   space 39424K, 0% used [0x00000000fb200000,0x00000000fb200000,0x00000000fd880000)
 ParOldGen       total 112128K, used 112048K [0x00000000a0000000, 0x00000000a6d80000, 0x00000000e0000000)
  object space 112128K, 99% used [0x00000000a0000000,0x00000000a6d6c010,0x00000000a6d80000)
 Metaspace       used 94576K, capacity 98766K, committed 99032K, reserved 1134592K
  class space    used 12107K, capacity 13016K, committed 13056K, reserved 1048576K
Event: 445.301 GC heap after
Heap after GC invocations=29 (full 5):
 PSYoungGen      total 484864K, used 0K [0x00000000e0000000, 0x0000000100000000, 0x0000000100000000)
  eden space 444416K, 0% used [0x00000000e0000000,0x00000000e0000000,0x00000000fb200000)
  from space 40448K, 0% used [0x00000000fd880000,0x00000000fd880000,0x0000000100000000)
  to   space 39424K, 0% used [0x00000000fb200000,0x00000000fb200000,0x00000000fd880000)
 ParOldGen       total 141824K, used 85619K [0x00000000a0000000, 0x00000000a8a80000, 0x00000000e0000000)
  object space 141824K, 60% used [0x00000000a0000000,0x00000000a539ce60,0x00000000a8a80000)
 Metaspace       used 94559K, capacity 98732K, committed 99032K, reserved 1134592K
  class space    used 12101K, capacity 13005K, committed 13056K, reserved 1048576K
}
Event: 447.742 GC heap before
{Heap before GC invocations=30 (full 5):
 PSYoungGen      total 484864K, used 444416K [0x00000000e0000000, 0x0000000100000000, 0x0000000100000000)
  eden space 444416K, 100% used [0x00000000e0000000,0x00000000fb200000,0x00000000fb200000)
  from space 40448K, 0% used [0x00000000fd880000,0x00000000fd880000,0x0000000100000000)
  to   space 39424K, 0% used [0x00000000fb200000,0x00000000fb200000,0x00000000fd880000)
 ParOldGen       total 141824K, used 85619K [0x00000000a0000000, 0x00000000a8a80000, 0x00000000e0000000)
  object space 141824K, 60% used [0x00000000a0000000,0x00000000a539ce60,0x00000000a8a80000)
 Metaspace       used 94563K, capacity 98732K, committed 99032K, reserved 1134592K
  class space    used 12102K, capacity 13005K, committed 13056K, reserved 1048576K
Event: 447.778 GC heap after
Heap after GC invocations=30 (full 5):
 PSYoungGen      total 454144K, used 9527K [0x00000000e0000000, 0x00000000ffc00000, 0x0000000100000000)
  eden space 444416K, 0% used [0x00000000e0000000,0x00000000e0000000,0x00000000fb200000)
  from space 9728K, 97% used [0x00000000fb200000,0x00000000fbb4dd40,0x00000000fbb80000)
  to   space 37888K, 0% used [0x00000000fd700000,0x00000000fd700000,0x00000000ffc00000)
 ParOldGen       total 141824K, used 85619K [0x00000000a0000000, 0x00000000a8a80000, 0x00000000e0000000)
  object space 141824K, 60% used [0x00000000a0000000,0x00000000a539ce60,0x00000000a8a80000)
 Metaspace       used 94563K, capacity 98732K, committed 99032K, reserved 1134592K
  class space    used 12102K, capacity 13005K, committed 13056K, reserved 1048576K
}
Event: 461.686 GC heap before
{Heap before GC invocations=31 (full 5):
 PSYoungGen      total 454144K, used 453943K [0x00000000e0000000, 0x00000000ffc00000, 0x0000000100000000)
  eden space 444416K, 100% used [0x00000000e0000000,0x00000000fb200000,0x00000000fb200000)
  from space 9728K, 97% used [0x00000000fb200000,0x00000000fbb4dd40,0x00000000fbb80000)
  to   space 37888K, 0% used [0x00000000fd700000,0x00000000fd700000,0x00000000ffc00000)
 ParOldGen       total 141824K, used 85619K [0x00000000a0000000, 0x00000000a8a80000, 0x00000000e0000000)
  object space 141824K, 60% used [0x00000000a0000000,0x00000000a539ce60,0x00000000a8a80000)
 Metaspace       used 96495K, capacity 100810K, committed 101080K, reserved 1136640K
  class space    used 12350K, capacity 13294K, committed 13312K, reserved 1048576K
Event: 461.760 GC heap after
Heap after GC invocations=31 (full 5):
 PSYoungGen      total 484352K, used 13215K [0x00000000e0000000, 0x0000000100000000, 0x0000000100000000)
  eden space 446464K, 0% used [0x00000000e0000000,0x00000000e0000000,0x00000000fb400000)
  from space 37888K, 34% used [0x00000000fd700000,0x00000000fe3e7c60,0x00000000ffc00000)
  to   space 35840K, 0% used [0x00000000fb400000,0x00000000fb400000,0x00000000fd700000)
 ParOldGen       total 141824K, used 95009K [0x00000000a0000000, 0x00000000a8a80000, 0x00000000e0000000)
  object space 141824K, 66% used [0x00000000a0000000,0x00000000a5cc86b0,0x00000000a8a80000)
 Metaspace       used 96495K, capacity 100810K, committed 101080K, reserved 1136640K
  class space    used 12350K, capacity 13294K, committed 13312K, reserved 1048576K
}
Event: 559.082 GC heap before
{Heap before GC invocations=32 (full 5):
 PSYoungGen      total 484352K, used 459679K [0x00000000e0000000, 0x0000000100000000, 0x0000000100000000)
  eden space 446464K, 100% used [0x00000000e0000000,0x00000000fb400000,0x00000000fb400000)
  from space 37888K, 34% used [0x00000000fd700000,0x00000000fe3e7c60,0x00000000ffc00000)
  to   space 35840K, 0% used [0x00000000fb400000,0x00000000fb400000,0x00000000fd700000)
 ParOldGen       total 141824K, used 95009K [0x00000000a0000000, 0x00000000a8a80000, 0x00000000e0000000)
  object space 141824K, 66% used [0x00000000a0000000,0x00000000a5cc86b0,0x00000000a8a80000)
 Metaspace       used 104162K, capacity 108824K, committed 108888K, reserved 1144832K
  class space    used 13193K, capacity 14176K, committed 14208K, reserved 1048576K
Event: 559.227 GC heap after
Heap after GC invocations=32 (full 5):
 PSYoungGen      total 482304K, used 9971K [0x00000000e0000000, 0x00000000ffb00000, 0x0000000100000000)
  eden space 446464K, 0% used [0x00000000e0000000,0x00000000e0000000,0x00000000fb400000)
  from space 35840K, 27% used [0x00000000fb400000,0x00000000fbdbcf20,0x00000000fd700000)
  to   space 34304K, 0% used [0x00000000fd980000,0x00000000fd980000,0x00000000ffb00000)
 ParOldGen       total 141824K, used 103169K [0x00000000a0000000, 0x00000000a8a80000, 0x00000000e0000000)
  object space 141824K, 72% used [0x00000000a0000000,0x00000000a64c06b8,0x00000000a8a80000)
 Metaspace       used 104162K, capacity 108824K, committed 108888K, reserved 1144832K
  class space    used 13193K, capacity 14176K, committed 14208K, reserved 1048576K
}

Deoptimization events (10 events):
Event: 557.659 Thread 0x000000001afcf800 Uncommon trap: reason=class_check action=maybe_recompile pc=0x0000000005f446c0 method=org.gradle.internal.work.DefaultWorkerLeaseService$DefaultWorkerLease.acquireLock()Z @ 4
Event: 557.995 Thread 0x000000001afcf800 Uncommon trap: reason=class_check action=maybe_recompile pc=0x00000000054231bc method=org.gradle.api.internal.artifacts.transform.AttributeMatchingVariantSelector.doSelect(Lorg/gradle/api/internal/artifacts/ivyservice/resolveengine/artifact/ResolvedVarian
Event: 557.997 Thread 0x000000001afcf800 Uncommon trap: reason=class_check action=maybe_recompile pc=0x00000000054231bc method=org.gradle.api.internal.artifacts.transform.AttributeMatchingVariantSelector.doSelect(Lorg/gradle/api/internal/artifacts/ivyservice/resolveengine/artifact/ResolvedVarian
Event: 557.998 Thread 0x000000001afcf800 Uncommon trap: reason=class_check action=maybe_recompile pc=0x00000000054231bc method=org.gradle.api.internal.artifacts.transform.AttributeMatchingVariantSelector.doSelect(Lorg/gradle/api/internal/artifacts/ivyservice/resolveengine/artifact/ResolvedVarian
Event: 557.998 Thread 0x000000001afcf800 Uncommon trap: reason=class_check action=maybe_recompile pc=0x00000000054231bc method=org.gradle.api.internal.artifacts.transform.AttributeMatchingVariantSelector.doSelect(Lorg/gradle/api/internal/artifacts/ivyservice/resolveengine/artifact/ResolvedVarian
Event: 559.444 Thread 0x000000001afcf800 Uncommon trap: reason=class_check action=maybe_recompile pc=0x000000000531c044 method=org.gradle.cache.internal.LockOnDemandCrossProcessCacheAccess.incrementLockCount()V @ 97
Event: 561.249 Thread 0x000000001afcf800 Uncommon trap: reason=bimorphic action=maybe_recompile pc=0x0000000003a9bb90 method=org.gradle.api.internal.artifacts.ivyservice.modulecache.ModuleComponentAtRepositoryKey.<init>(Ljava/lang/String;Lorg/gradle/api/artifacts/component/ModuleComponentIdentif
Event: 561.253 Thread 0x000000001afcf800 Uncommon trap: reason=bimorphic action=maybe_recompile pc=0x0000000003a9bb90 method=org.gradle.api.internal.artifacts.ivyservice.modulecache.ModuleComponentAtRepositoryKey.<init>(Ljava/lang/String;Lorg/gradle/api/artifacts/component/ModuleComponentIdentif
Event: 561.253 Thread 0x000000001afcf800 Uncommon trap: reason=bimorphic action=maybe_recompile pc=0x0000000003a9bb90 method=org.gradle.api.internal.artifacts.ivyservice.modulecache.ModuleComponentAtRepositoryKey.<init>(Ljava/lang/String;Lorg/gradle/api/artifacts/component/ModuleComponentIdentif
Event: 561.255 Thread 0x000000001afcf800 Uncommon trap: reason=bimorphic action=maybe_recompile pc=0x0000000003a9bb90 method=org.gradle.api.internal.artifacts.ivyservice.modulecache.ModuleComponentAtRepositoryKey.<init>(Ljava/lang/String;Lorg/gradle/api/artifacts/component/ModuleComponentIdentif

Classes redefined (0 events):
No events

Internal exceptions (10 events):
Event: 561.026 Thread 0x000000001afcf800 Exception <a 'java/lang/ClassNotFoundException': org/jetbrains/plugins/gradle/model/web/WebConfigurationBeanInfo> (0x00000000e28a02d8) thrown at [C:\src\AOSP-openjdk-git\hotspot\src\share\vm\classfile\systemDictionary.cpp, line 210]
Event: 561.032 Thread 0x000000001afcf800 Exception <a 'java/lang/ClassNotFoundException': org/jetbrains/plugins/gradle/model/web/WebConfigurationCustomizer> (0x00000000e28b36a0) thrown at [C:\src\AOSP-openjdk-git\hotspot\src\share\vm\classfile\systemDictionary.cpp, line 210]
Event: 561.044 Thread 0x000000001afcf800 Exception <a 'java/lang/ClassNotFoundException': org/jetbrains/plugins/gradle/model/scala/ScalaModelBeanInfo> (0x00000000e28edad0) thrown at [C:\src\AOSP-openjdk-git\hotspot\src\share\vm\classfile\systemDictionary.cpp, line 210]
Event: 561.044 Thread 0x000000001afcf800 Exception <a 'java/lang/ClassNotFoundException': org/jetbrains/plugins/gradle/model/scala/ScalaModelCustomizer> (0x00000000e29006f0) thrown at [C:\src\AOSP-openjdk-git\hotspot\src\share\vm\classfile\systemDictionary.cpp, line 210]
Event: 561.185 Thread 0x000000001afcf800 Exception <a 'java/lang/ClassNotFoundException': org/jetbrains/plugins/gradle/tooling/util/SourceSetCachedFinder$1BeanInfo> (0x00000000e2f4f230) thrown at [C:\src\AOSP-openjdk-git\hotspot\src\share\vm\classfile\systemDictionary.cpp, line 210]
Event: 561.186 Thread 0x000000001afcf800 Exception <a 'java/lang/ClassNotFoundException': org/jetbrains/plugins/gradle/tooling/util/SourceSetCachedFinder$1Customizer> (0x00000000e2f64518) thrown at [C:\src\AOSP-openjdk-git\hotspot\src\share\vm\classfile\systemDictionary.cpp, line 210]
Event: 561.189 Thread 0x000000001afcf800 Exception <a 'java/lang/ClassNotFoundException': org/jetbrains/plugins/gradle/tooling/util/SourceSetCachedFinder$2BeanInfo> (0x00000000e2fadb58) thrown at [C:\src\AOSP-openjdk-git\hotspot\src\share\vm\classfile\systemDictionary.cpp, line 210]
Event: 561.190 Thread 0x000000001afcf800 Exception <a 'java/lang/ClassNotFoundException': org/jetbrains/plugins/gradle/tooling/util/SourceSetCachedFinder$2Customizer> (0x00000000e2fc2e40) thrown at [C:\src\AOSP-openjdk-git\hotspot\src\share\vm\classfile\systemDictionary.cpp, line 210]
Event: 561.193 Thread 0x000000001afcf800 Exception <a 'java/lang/ClassNotFoundException': org/jetbrains/plugins/gradle/tooling/util/SourceSetCachedFinderBeanInfo> (0x00000000e3004040) thrown at [C:\src\AOSP-openjdk-git\hotspot\src\share\vm\classfile\systemDictionary.cpp, line 210]
Event: 561.193 Thread 0x000000001afcf800 Exception <a 'java/lang/ClassNotFoundException': org/jetbrains/plugins/gradle/tooling/util/SourceSetCachedFinderCustomizer> (0x00000000e30188b0) thrown at [C:\src\AOSP-openjdk-git\hotspot\src\share\vm\classfile\systemDictionary.cpp, line 210]

Events (10 events):
Event: 561.700 loading class org/jetbrains/plugins/gradle/tooling/serialization/GradleExtensionsSerializationService$2
Event: 561.700 loading class org/jetbrains/plugins/gradle/tooling/serialization/GradleExtensionsSerializationService$2 done
Event: 561.701 loading class org/jetbrains/plugins/gradle/tooling/serialization/GradleExtensionsSerializationService$3
Event: 561.701 loading class org/jetbrains/plugins/gradle/tooling/serialization/GradleExtensionsSerializationService$3 done
Event: 561.702 loading class org/jetbrains/plugins/gradle/model/tests/DefaultExternalTestsModel
Event: 561.702 loading class org/jetbrains/plugins/gradle/model/tests/DefaultExternalTestsModel done
Event: 561.704 loading class org/jetbrains/plugins/gradle/tooling/serialization/ExternalTestsSerializationService$1
Event: 561.704 loading class org/jetbrains/plugins/gradle/tooling/serialization/ExternalTestsSerializationService$1 done
Event: 561.711 Thread 0x000000001afcf800 DEOPT PACKING pc=0x0000000003814d8b sp=0x000000002103ab80
Event: 561.711 Thread 0x000000001afcf800 DEOPT UNPACKING pc=0x00000000027b75d0 sp=0x000000002103a898 mode 0


Dynamic libraries:
0x000000013f800000 - 0x000000013f831000 	C:\Program Files\Android\Android Studio\jre\bin\java.exe
0x00000000777a0000 - 0x0000000077949000 	C:\Windows\SYSTEM32\ntdll.dll
0x000007feeb9a0000 - 0x000007feeb9b2000 	C:\Program Files\AVAST Software\Avast\aswhook.dll
0x0000000077580000 - 0x000000007769f000 	C:\Windows\system32\kernel32.dll
0x000007fefda10000 - 0x000007fefda7b000 	C:\Windows\system32\KERNELBASE.dll
0x000007fefdb60000 - 0x000007fefdc3b000 	C:\Windows\system32\ADVAPI32.dll
0x000007fefe1f0000 - 0x000007fefe28f000 	C:\Windows\system32\msvcrt.dll
0x000007feff720000 - 0x000007feff73f000 	C:\Windows\SYSTEM32\sechost.dll
0x000007fefdc40000 - 0x000007fefdd6d000 	C:\Windows\system32\RPCRT4.dll
0x00000000776a0000 - 0x000000007779a000 	C:\Windows\system32\USER32.dll
0x000007fefe570000 - 0x000007fefe5d7000 	C:\Windows\system32\GDI32.dll
0x000007feff6f0000 - 0x000007feff6fe000 	C:\Windows\system32\LPK.dll
0x000007feff620000 - 0x000007feff6e9000 	C:\Windows\system32\USP10.dll
0x000007fefc1c0000 - 0x000007fefc3b4000 	C:\Windows\WinSxS\amd64_microsoft.windows.common-controls_6595b64144ccf1df_6.0.7601.17514_none_fa396087175ac9ac\COMCTL32.dll
0x000007feff7a0000 - 0x000007feff811000 	C:\Windows\system32\SHLWAPI.dll
0x000007feff820000 - 0x000007feff84e000 	C:\Windows\system32\IMM32.DLL
0x000007fefe2e0000 - 0x000007fefe3e9000 	C:\Windows\system32\MSCTF.dll
0x0000000073c90000 - 0x0000000073d62000 	C:\Program Files\Android\Android Studio\jre\jre\bin\msvcr100.dll
0x0000000070b10000 - 0x000000007135b000 	C:\Program Files\Android\Android Studio\jre\jre\bin\server\jvm.dll
0x000007fefa5a0000 - 0x000007fefa5a9000 	C:\Windows\system32\WSOCK32.dll
0x000007fefe290000 - 0x000007fefe2dd000 	C:\Windows\system32\WS2_32.dll
0x000007fefdfd0000 - 0x000007fefdfd8000 	C:\Windows\system32\NSI.dll
0x000007fefbd70000 - 0x000007fefbdab000 	C:\Windows\system32\WINMM.dll
0x000007fefc850000 - 0x000007fefc85c000 	C:\Windows\system32\VERSION.dll
0x0000000077970000 - 0x0000000077977000 	C:\Windows\system32\PSAPI.DLL
0x000007fefb370000 - 0x000007fefb37f000 	C:\Program Files\Android\Android Studio\jre\jre\bin\verify.dll
0x000007fef4170000 - 0x000007fef4199000 	C:\Program Files\Android\Android Studio\jre\jre\bin\java.dll
0x000007fef46e0000 - 0x000007fef46f6000 	C:\Program Files\Android\Android Studio\jre\jre\bin\zip.dll
0x000007fefe890000 - 0x000007feff618000 	C:\Windows\system32\SHELL32.dll
0x000007fefdfe0000 - 0x000007fefe1e3000 	C:\Windows\system32\ole32.dll
0x000007fefd6f0000 - 0x000007fefd6ff000 	C:\Windows\system32\profapi.dll
0x000007fef3a40000 - 0x000007fef3a5a000 	C:\Program Files\Android\Android Studio\jre\jre\bin\net.dll
0x000007fefcf20000 - 0x000007fefcf75000 	C:\Windows\system32\mswsock.dll
0x000007fefcf10000 - 0x000007fefcf17000 	C:\Windows\System32\wship6.dll
0x000007fef3a60000 - 0x000007fef3a73000 	C:\Program Files\Android\Android Studio\jre\jre\bin\nio.dll
0x000007fef3660000 - 0x000007fef3686000 	C:\Users\Moka\.gradle\native\31\windows-amd64\native-platform.dll
0x000007fef7420000 - 0x000007fef7423000 	C:\Windows\system32\api-ms-win-core-synch-l1-2-0.DLL
0x000007fef4760000 - 0x000007fef476d000 	C:\Program Files\Android\Android Studio\jre\jre\bin\management.dll
0x000007fefcf80000 - 0x000007fefcf97000 	C:\Windows\system32\CRYPTSP.dll
0x000007fefcc80000 - 0x000007fefccc7000 	C:\Windows\system32\rsaenh.dll
0x000007fefca30000 - 0x000007fefca4e000 	C:\Windows\system32\USERENV.dll
0x000007fefd5e0000 - 0x000007fefd5ef000 	C:\Windows\system32\CRYPTBASE.dll
0x000007fefad00000 - 0x000007fefad27000 	C:\Windows\system32\IPHLPAPI.DLL
0x000007fefacf0000 - 0x000007fefacfb000 	C:\Windows\system32\WINNSI.DLL
0x000007fefaa00000 - 0x000007fefaa18000 	C:\Windows\system32\dhcpcsvc.DLL
0x000007fefa970000 - 0x000007fefa981000 	C:\Windows\system32\dhcpcsvc6.DLL
0x000007fef3840000 - 0x000007fef3864000 	C:\Program Files\Android\Android Studio\jre\jre\bin\sunec.dll
0x000007fefc920000 - 0x000007fefc927000 	C:\Windows\System32\wshtcpip.dll
0x000007fefcda0000 - 0x000007fefcdfb000 	C:\Windows\system32\DNSAPI.dll
0x000007fef4a20000 - 0x000007fef4a28000 	C:\Windows\system32\rasadhlp.dll
0x000007fefab30000 - 0x000007fefab83000 	C:\Windows\System32\fwpuclnt.dll
0x000007fef46d0000 - 0x000007fef46db000 	C:\Program Files\Android\Android Studio\jre\jre\bin\sunmscapi.dll
0x000007fefd8a0000 - 0x000007fefda07000 	C:\Windows\system32\CRYPT32.dll
0x000007fefd790000 - 0x000007fefd79f000 	C:\Windows\system32\MSASN1.dll
0x000007feea4c0000 - 0x000007feea65c000 	C:\Program Files\Android\Android Studio\jre\jre\bin\awt.dll
0x000007fefba20000 - 0x000007fefba38000 	C:\Windows\system32\dwmapi.dll
0x000007fefe490000 - 0x000007fefe567000 	C:\Windows\system32\OLEAUT32.dll
0x000007feecf80000 - 0x000007feed062000 	C:\Windows\system32\d2d1.dll
0x000007fefd580000 - 0x000007fefd5d7000 	C:\Windows\system32\apphelp.dll
0x000007fef94f0000 - 0x000007fef9615000 	C:\Windows\system32\dbghelp.dll

VM Arguments:
jvm_args: -Xmx1536m -Dfile.encoding=windows-1256 -Duser.country=US -Duser.language=en -Duser.variant 
java_command: org.gradle.launcher.daemon.bootstrap.GradleDaemon 6.1.1
java_class_path (initial): C:\Users\Moka\.gradle\wrapper\dists\gradle-6.1.1-all\cfmwm155h49vnt3hynmlrsdst\gradle-6.1.1\lib\gradle-launcher-6.1.1.jar
Launcher Type: SUN_STANDARD

Environment Variables:
JAVA_HOME=C:\Program Files\Java\jdk-12.0.2
PATH=C:\ProgramData\Oracle\Java\javapath;E:\app\Moka\product\11.2.0\dbhome44\bin;E:\app\Moka\product\11.2.0\dbhome_4\bin;C:\Windows\system32;C:\Windows;C:\Windows\System32\Wbem;C:\Windows\System32\WindowsPowerShell\v1.0\;C:\Windows\system32\config\systemprofile\.dnx\bin;C:\Program Files\Microsoft DNX\Dnvm\;C:\Program Files\Microsoft SQL Server\120\Tools\Binn\;C:\Program Files\Microsoft SQL Server\130\Tools\Binn\;C:\Program Files (x86)\Windows Kits\8.1\Windows Performance Toolkit\;C:\Program Files (x86)\Rational\common;C:\Program Files (x86)\nodejs\;C:\Program Files\Cloud Foundry;C:\Program Files\Git\cmd;C:\Program Files\Java\jdk-12.0.2;C:\Users\Moka\Anaconda3;C:\Users\Moka\Anaconda3\Scripts;C:\Users\Moka\AppData\Local\Programs\Python\Python37-32\Scripts\;C:\Users\Moka\AppData\Local\Programs\Python\Python37-32\;C:\Program Files\JetBrains\PyCharm Community Edition 2018.3.2\bin;;C:\Users\Moka\AppData\Roaming\npm;C:\gradle-5.6.1\bin\;C:\Users\Moka\AppData\Local\Google\Cloud SDK\google-cloud-sdk\bin;C:\Users\Moka\Anaconda3;C:\Users\Moka\Anaconda3\Scripts
USERNAME=Moka
LD_LIBRARY_PATH=C:\Oracle\Middleware\Oracle_FRHome1\lib
OS=Windows_NT
PROCESSOR_IDENTIFIER=Intel64 Family 6 Model 42 Stepping 7, GenuineIntel



---------------  S Y S T E M  ---------------

OS: Windows 7 , 64 bit Build 7601 (6.1.7601.18015)

CPU:total 4 (initial active 4) (2 cores per cpu, 2 threads per core) family 6 model 42 stepping 7, cmov, cx8, fxsr, mmx, sse, sse2, sse3, ssse3, sse4.1, sse4.2, popcnt, avx, aes, clmul, ht, tsc, tscinvbit

Memory: 4k page, physical 3086700k(87144k free), swap 10257936k(1670672k free)

vm_info: OpenJDK 64-Bit Server VM (25.242-b01) for windows-amd64 JRE (1.8.0_242-release-1644-b01), built by "builder" with MS VC++ 10.0 (VS2010)

time: Sun Nov 01 01:04:56 2020
timezone: Egypt Standard Time
elapsed time: 561 seconds (0d 0h 9m 21s)

